[2022-06-09 11:15:21] START
[2022-06-09 11:32:46] EDIT BookStore/models/db.py: 7
[2022-06-09 11:34:41] CREATE book_store.py: 0
[2022-06-09 11:37:33] EDIT BookStore/models/db.py: 0
[2022-06-09 11:38:12] EDIT BookStore/models/db.py: 0
[2022-06-09 11:41:19] CREATE book_store/index.html: 0
[2022-06-09 11:47:03] EDIT BookStore/views/book_store/index.html: 32
[2022-06-09 11:48:02] EDIT BookStore/views/book_store/index.html: 3
[2022-06-09 11:48:19] EDIT BookStore/views/book_store/index.html: 4
[2022-06-09 12:10:38] EDIT BookStore/views/book_store/index.html: -21
[2022-06-09 12:13:16] EDIT BookStore/controllers/book_store.py: 4
[2022-06-09 12:13:54] EDIT BookStore/views/book_store/index.html: 1
[2022-06-09 12:16:51] EDIT BookStore/views/book_store/index.html: 0
[2022-06-09 12:17:30] EDIT BookStore/views/book_store/index.html: 0
[2022-06-09 12:19:04] EDIT BookStore/controllers/book_store.py: 0
[2022-06-09 12:21:34] EDIT BookStore/controllers/book_store.py: 0
[2022-06-09 12:26:52] CREATE book_store/view.html: 0
[2022-06-09 12:27:33] EDIT BookStore/views/book_store/view.html: 19
[2022-06-09 12:28:07] EDIT BookStore/controllers/book_store.py: 1
[2022-06-09 12:28:11] EDIT BookStore/controllers/book_store.py: 0
[2022-06-09 12:28:43] EDIT BookStore/controllers/book_store.py: 0
[2022-06-09 12:31:33] EDIT BookStore/views/book_store/index.html: 80
[2022-06-09 12:32:29] EDIT BookStore/views/book_store/index.html: -6
[2022-06-09 12:35:17] EDIT BookStore/views/book_store/index.html: -66
[2022-06-09 12:35:49] EDIT BookStore/views/book_store/index.html: 0
[2022-06-09 12:36:21] EDIT BookStore/controllers/book_store.py: 0
[2022-06-09 12:38:31] EDIT BookStore/models/db.py: 7
[2022-06-09 12:42:26] EDIT BookStore/views/book_store/index.html: 2
[2022-06-09 12:43:10] EDIT BookStore/views/book_store/index.html: 0
[2022-06-09 12:43:48] EDIT BookStore/views/book_store/index.html: -12
[2022-06-09 12:55:22] EDIT BookStore/views/default/index.html: -1
[2022-06-09 12:55:47] EDIT BookStore/views/default/index.html: 1
[2022-06-09 12:56:58] EDIT BookStore/views/default/index.html: 0
[2022-06-09 12:57:32] EDIT BookStore/views/default/index.html: 0
[2022-06-09 12:58:25] EDIT BookStore/views/default/index.html: 0
[2022-06-09 12:58:47] EDIT BookStore/views/default/index.html: 0
[2022-06-09 12:59:53] EDIT BookStore/views/default/index.html: -12
[2022-06-09 13:00:13] EDIT BookStore/views/default/index.html: -20
[2022-06-09 13:00:35] EDIT BookStore/views/default/index.html: 20
[2022-06-09 13:00:57] EDIT BookStore/views/default/index.html: -4
[2022-06-09 13:01:16] EDIT BookStore/views/default/index.html: -14
[2022-06-09 13:03:35] EDIT BookStore/views/default/index.html: 19
[2022-06-09 13:03:57] EDIT BookStore/views/default/index.html: -1
[2022-06-09 13:04:14] EDIT BookStore/views/default/index.html: 0
[2022-06-09 13:05:50] EDIT BookStore/controllers/default.py: 0
[2022-06-09 13:07:15] EDIT BookStore/views/default/index.html: 0
[2022-06-09 13:08:51] EDIT BookStore/controllers/default.py: 0
[2022-06-09 13:09:01] EDIT BookStore/controllers/default.py: 0
[2022-06-09 13:09:25] EDIT BookStore/controllers/default.py: 0
[2022-06-09 13:12:01] EDIT BookStore/views/default/index.html: 0
[2022-06-09 13:12:36] EDIT BookStore/views/default/index.html: 0
[2022-06-09 13:13:22] EDIT BookStore/views/default/index.html: 0
[2022-06-09 13:18:03] EDIT BookStore/views/default/index.html: 0
[2022-06-09 13:19:07] EDIT BookStore/views/default/index.html: -1
[2022-06-09 13:19:30] EDIT BookStore/views/default/index.html: 0
[2022-06-09 13:20:54] EDIT BookStore/views/default/index.html: 0
[2022-06-09 13:22:43] EDIT BookStore/views/book_store/index.html: 0
[2022-06-09 13:36:24] EDIT BookStore/views/default/index.html: 1
[2022-06-09 13:37:09] EDIT BookStore/views/default/index.html: 0
[2022-06-09 13:39:11] EDIT BookStore/controllers/default.py: 0
[2022-06-09 13:41:26] EDIT BookStore/views/default/index.html: 0
[2022-06-09 13:48:45] EDIT BookStore/views/default/index.html: 0
[2022-06-09 13:49:15] EDIT BookStore/views/default/index.html: 0
[2022-06-09 13:49:27] EDIT BookStore/views/default/index.html: 0
[2022-06-09 13:49:30] EDIT BookStore/views/default/index.html: 0
[2022-06-09 13:52:03] EDIT BookStore/views/default/index.html: -4
[2022-06-09 13:52:45] EDIT BookStore/views/default/index.html: 0
[2022-06-09 13:55:05] EDIT BookStore/views/default/index.html: 4
[2022-06-09 14:03:05] EDIT BookStore/controllers/book_store.py: 5
[2022-06-09 14:05:26] EDIT BookStore/controllers/book_store.py: -1
[2022-06-09 14:09:24] EDIT BookStore/controllers/book_store.py: 1
[2022-06-09 14:11:21] EDIT BookStore/controllers/book_store.py: 0
[2022-06-09 14:12:30] EDIT BookStore/views/book_store/view.html: 0
[2022-06-09 14:13:14] EDIT BookStore/controllers/book_store.py: 0
[2022-06-09 14:13:19] EDIT BookStore/controllers/book_store.py: 0
[2022-06-09 14:58:51] EDIT BookStore/controllers/book_store.py: -5
[2022-06-09 14:59:18] EDIT BookStore/models/db.py: 1
[2022-06-09 15:01:18] EDIT BookStore/controllers/default.py: 3
[2022-06-09 15:01:37] CREATE default/view.html: 0
[2022-06-09 15:02:07] EDIT BookStore/views/default/view.html: 19
[2022-06-09 15:14:46] EDIT BookStore/views/default/view.html: 161
[2022-06-09 15:24:05] EDIT BookStore/views/default/view.html: -66
[2022-06-09 15:24:37] EDIT BookStore/views/default/view.html: -33
[2022-06-09 15:26:36] EDIT BookStore/views/default/view.html: -9
[2022-06-09 15:27:28] EDIT BookStore/views/default/view.html: 0
[2022-06-09 15:27:38] EDIT BookStore/views/default/view.html: -3
[2022-06-09 15:28:51] EDIT BookStore/views/default/view.html: -33
[2022-06-09 15:29:31] EDIT BookStore/views/default/view.html: 33
[2022-06-09 15:32:18] EDIT BookStore/views/default/view.html: 2
[2022-06-09 15:34:03] EDIT BookStore/views/default/view.html: 2
[2022-06-09 15:34:38] EDIT BookStore/views/default/view.html: 0
[2022-06-09 15:35:13] EDIT BookStore/views/default/view.html: -1
[2022-06-09 15:35:38] EDIT BookStore/views/default/view.html: -12
[2022-06-09 15:37:29] EDIT BookStore/views/default/view.html: 0
[2022-06-09 15:38:43] EDIT BookStore/views/default/view.html: -3
[2022-06-09 15:58:02] EDIT BookStore/views/default/view.html: 0
[2022-06-09 16:01:34] EDIT BookStore/views/default/view.html: 2
[2022-06-09 16:01:53] EDIT BookStore/views/default/view.html: 0
[2022-06-09 16:02:20] EDIT BookStore/views/default/view.html: 0
[2022-06-09 16:11:49] EDIT BookStore/controllers/book_store.py: 1
[2022-06-09 16:33:39] EDIT BookStore/models/db.py: 1
[2022-06-09 16:36:36] EDIT BookStore/models/db.py: 1
[2022-06-09 16:38:39] EDIT BookStore/views/book_store/index.html: 0
[2022-06-09 16:38:56] EDIT BookStore/views/book_store/index.html: 0
[2022-06-09 16:40:02] EDIT BookStore/views/default/view.html: 0
[2022-06-09 16:40:20] EDIT BookStore/views/default/view.html: 0
[2022-06-09 17:10:42] EDIT BookStore/controllers/book_store.py: 4
[2022-06-09 17:11:18] EDIT BookStore/controllers/book_store.py: 0
[2022-06-09 17:13:18] CREATE book_store/post.html: 0
[2022-06-09 17:13:57] EDIT BookStore/views/book_store/post.html: 0
[2022-06-09 17:19:21] EDIT BookStore/views/default/index.html: 0
[2022-06-09 17:20:03] EDIT BookStore/views/default/index.html: 0
[2022-06-09 17:28:17] EDIT BookStore/views/default/view.html: 0
[2022-06-09 17:28:36] EDIT BookStore/views/default/view.html: 0
[2022-06-09 17:29:10] EDIT BookStore/views/default/view.html: 0
[2022-06-09 17:30:53] EDIT BookStore/views/default/view.html: 0
[2022-06-09 17:32:08] EDIT BookStore/views/default/view.html: 0
[2022-06-09 17:32:49] EDIT BookStore/views/default/view.html: 0
[2022-06-09 17:33:24] CREATE default/cart.html: 0
[2022-06-09 17:33:40] EDIT BookStore/views/default/cart.html: 0
[2022-06-09 17:35:29] EDIT BookStore/controllers/default.py: 2
[2022-06-09 17:36:02] EDIT BookStore/controllers/default.py: 0
[2022-06-09 17:36:30] EDIT BookStore/controllers/default.py: -1
[2022-06-09 17:36:36] EDIT BookStore/controllers/default.py: 0
[2022-06-09 17:37:04] EDIT BookStore/controllers/default.py: -1
[2022-06-09 17:38:47] EDIT BookStore/controllers/default.py: 3
[2022-06-09 17:39:17] EDIT BookStore/views/default/cart.html: -1
[2022-06-09 17:41:37] EDIT BookStore/views/default/cart.html: 0
[2022-06-09 17:51:11] EDIT BookStore/views/default/cart.html: 0
[2022-06-09 17:59:05] EDIT BookStore/views/default/view.html: 0
[2022-06-09 18:00:07] EDIT BookStore/views/default/view.html: 0
[2022-06-09 18:00:36] EDIT BookStore/views/default/view.html: 0
[2022-06-09 18:04:12] EDIT BookStore/views/default/view.html: 0
[2022-06-09 18:05:31] EDIT BookStore/views/default/view.html: 0
[2022-06-09 18:20:23] EDIT BookStore/views/default/view.html: 0
[2022-06-09 18:21:00] EDIT BookStore/views/default/view.html: 0
[2022-06-09 18:21:45] EDIT BookStore/views/default/view.html: 0
[2022-06-09 18:22:06] EDIT BookStore/views/default/view.html: 0
[2022-06-09 18:22:22] EDIT BookStore/views/default/view.html: 0
[2022-06-09 18:23:46] EDIT BookStore/views/default/view.html: 1
[2022-06-09 18:24:07] EDIT BookStore/views/default/view.html: 0
[2022-06-09 18:24:43] EDIT BookStore/views/default/view.html: 0
[2022-06-09 18:25:21] EDIT BookStore/views/default/view.html: -1
[2022-06-09 18:25:46] EDIT BookStore/views/default/view.html: -1
[2022-06-10 15:19:39] EDIT BookStore/views/book_store/index.html: 0
[2022-06-10 15:20:36] EDIT BookStore/views/default/index.html: 0
[2022-06-13 10:45:05] EDIT BookStore/views/default/view.html: 0
[2022-06-13 10:50:49] EDIT BookStore/views/default/view.html: 0
[2022-06-13 13:26:36] EDIT BookStore/views/default/index.html: 0
[2022-06-13 13:27:42] EDIT BookStore/views/default/index.html: -6
[2022-06-13 13:28:34] EDIT BookStore/views/default/index.html: -1
[2022-06-13 13:31:35] EDIT BookStore/views/default/index.html: 0
[2022-06-13 13:45:45] EDIT BookStore/views/default/index.html: 0
[2022-06-13 13:46:44] EDIT BookStore/controllers/default.py: 0
[2022-06-13 15:36:50] EDIT BookStore/models/db.py: 1
[2022-06-13 15:39:09] EDIT BookStore/views/default/view.html: 0
[2022-06-13 15:39:32] EDIT BookStore/views/default/view.html: 1
[2022-06-13 15:39:56] EDIT BookStore/views/default/view.html: 0
[2022-06-13 15:42:03] EDIT BookStore/views/default/view.html: 1
[2022-06-13 15:42:39] EDIT BookStore/views/default/view.html: 1
[2022-06-13 15:43:51] EDIT BookStore/views/default/view.html: 0
[2022-06-13 15:44:11] EDIT BookStore/views/default/view.html: 0
[2022-06-13 15:46:41] EDIT BookStore/views/default/view.html: 0
[2022-06-13 15:51:50] EDIT BookStore/models/db.py: 5
[2022-06-13 15:52:00] EDIT BookStore/models/db.py: 0
[2022-06-13 15:53:23] EDIT BookStore/controllers/default.py: 0
[2022-06-13 15:53:46] EDIT BookStore/models/db.py: 0
[2022-06-13 15:54:06] EDIT BookStore/controllers/default.py: 0
[2022-06-13 15:54:17] EDIT BookStore/controllers/default.py: 0
[2022-06-13 15:57:51] EDIT BookStore/controllers/default.py: 0
[2022-06-13 15:58:31] EDIT BookStore/views/default/cart.html: 1
[2022-06-13 15:58:39] EDIT BookStore/views/default/cart.html: 1
[2022-06-13 16:05:48] EDIT BookStore/views/default/cart.html: 48
[2022-06-13 16:06:18] EDIT BookStore/views/default/cart.html: 0
[2022-06-13 16:08:58] EDIT BookStore/models/db.py: 4
[2022-06-13 16:10:14] EDIT BookStore/models/db.py: 0
[2022-06-13 16:12:02] EDIT BookStore/views/default/view.html: -10
[2022-06-13 16:12:27] EDIT BookStore/views/default/view.html: 10
[2022-06-13 16:13:48] EDIT BookStore/views/default/view.html: -4
[2022-06-13 16:14:28] EDIT BookStore/views/default/view.html: -5
[2022-06-13 16:15:43] EDIT BookStore/views/default/view.html: 0
[2022-06-13 16:17:49] EDIT BookStore/views/default/cart.html: 0
[2022-06-13 16:21:18] EDIT BookStore/views/default/cart.html: 0
[2022-06-13 16:22:22] EDIT BookStore/views/default/cart.html: -2
[2022-06-13 16:22:57] EDIT BookStore/views/default/cart.html: 1
[2022-06-13 16:27:30] EDIT BookStore/controllers/default.py: 1
[2022-06-13 16:28:41] EDIT BookStore/controllers/default.py: 2
[2022-06-13 16:29:32] EDIT BookStore/controllers/default.py: 0
[2022-06-13 16:30:35] EDIT BookStore/views/default/view.html: 0
[2022-06-13 16:39:02] EDIT BookStore/controllers/default.py: 0
[2022-06-13 16:40:05] EDIT BookStore/views/default/view.html: 0
[2022-06-13 16:41:00] EDIT BookStore/views/default/view.html: 0
[2022-06-13 16:42:26] EDIT BookStore/views/default/view.html: 0
[2022-06-13 16:43:18] EDIT BookStore/controllers/default.py: 0
[2022-06-13 16:47:57] EDIT BookStore/views/default/view.html: 0
[2022-06-13 16:48:33] EDIT BookStore/views/default/view.html: 0
[2022-06-13 16:48:47] EDIT BookStore/views/default/view.html: 0
[2022-06-13 16:49:23] EDIT BookStore/views/default/view.html: 0
[2022-06-13 16:50:43] EDIT BookStore/controllers/default.py: 0
[2022-06-13 16:52:13] EDIT BookStore/controllers/default.py: 0
[2022-06-13 16:56:15] EDIT BookStore/controllers/default.py: 0
[2022-06-13 16:58:09] EDIT BookStore/views/default/view.html: 0
[2022-06-13 16:58:51] EDIT BookStore/views/default/view.html: 0
[2022-06-13 16:59:46] EDIT BookStore/views/default/view.html: 0
[2022-06-13 17:00:12] EDIT BookStore/controllers/default.py: -1
[2022-06-13 17:43:02] EDIT BookStore/views/default/view.html: 0
[2022-06-13 17:44:22] EDIT BookStore/views/default/view.html: 0
[2022-06-13 17:51:35] EDIT BookStore/controllers/default.py: 1
[2022-06-13 17:52:46] EDIT BookStore/controllers/default.py: 0
[2022-06-13 18:06:20] EDIT BookStore/controllers/default.py: 0
[2022-06-13 18:06:54] EDIT BookStore/controllers/default.py: 0
[2022-06-13 18:09:51] EDIT BookStore/controllers/default.py: 1
[2022-06-13 18:15:51] EDIT BookStore/controllers/default.py: 0
[2022-06-13 18:19:24] EDIT BookStore/controllers/default.py: 0
[2022-06-13 18:24:26] EDIT BookStore/models/db.py: 1
[2022-06-13 18:24:38] EDIT BookStore/models/db.py: 0
[2022-06-13 18:25:01] EDIT BookStore/models/db.py: 0
[2022-06-13 18:25:41] EDIT BookStore/controllers/default.py: 0
[2022-06-13 18:25:54] EDIT BookStore/controllers/default.py: 0
[2022-06-13 18:26:02] EDIT BookStore/controllers/default.py: 0
[2022-06-13 18:26:19] EDIT BookStore/controllers/default.py: 0
[2022-06-13 18:26:51] EDIT BookStore/controllers/default.py: 0
[2022-06-13 18:27:54] EDIT BookStore/controllers/default.py: 0
[2022-06-13 18:34:49] EDIT BookStore/controllers/default.py: 0
[2022-06-13 18:35:51] EDIT BookStore/controllers/default.py: 0
[2022-06-14 10:43:06] EDIT BookStore/controllers/default.py: 0
[2022-06-14 11:08:22] EDIT BookStore/controllers/default.py: 0
[2022-06-14 11:14:17] EDIT BookStore/controllers/default.py: 0
[2022-06-14 11:18:14] EDIT BookStore/controllers/default.py: 1
[2022-06-14 11:26:20] EDIT BookStore/controllers/default.py: -1
[2022-06-14 11:26:34] EDIT BookStore/controllers/default.py: 0
[2022-06-14 11:31:51] EDIT BookStore/controllers/default.py: 0
[2022-06-14 11:37:08] EDIT BookStore/controllers/default.py: 0
[2022-06-14 11:51:09] EDIT BookStore/controllers/default.py: 1
[2022-06-14 11:53:08] EDIT BookStore/controllers/default.py: -1
[2022-06-14 12:13:17] EDIT BookStore/controllers/default.py: 0
[2022-06-14 13:20:11] EDIT BookStore/controllers/default.py: 1
[2022-06-14 13:22:29] EDIT BookStore/controllers/default.py: 1
[2022-06-14 13:23:17] EDIT BookStore/controllers/default.py: 2
[2022-06-14 13:25:26] EDIT BookStore/controllers/default.py: 5
[2022-06-14 16:13:35] EDIT BookStore/controllers/default.py: 1
[2022-06-14 16:15:45] EDIT BookStore/controllers/default.py: 1
[2022-06-14 16:16:04] EDIT BookStore/controllers/default.py: 0
[2022-06-14 16:17:03] EDIT BookStore/controllers/default.py: 0
[2022-06-14 16:17:23] EDIT BookStore/controllers/default.py: 0
[2022-06-14 16:18:00] EDIT BookStore/controllers/default.py: 0
[2022-06-14 16:18:36] EDIT BookStore/controllers/default.py: 0
[2022-06-14 16:20:41] EDIT BookStore/controllers/default.py: 0
[2022-06-14 16:21:05] EDIT BookStore/controllers/default.py: 0
[2022-06-14 16:21:54] EDIT BookStore/controllers/default.py: 0
[2022-06-14 16:24:23] EDIT BookStore/controllers/default.py: 0
[2022-06-14 16:24:39] EDIT BookStore/controllers/default.py: 0
[2022-06-14 16:25:53] EDIT BookStore/controllers/default.py: 0
[2022-06-14 16:26:42] EDIT BookStore/controllers/default.py: 0
[2022-06-15 10:49:08] EDIT BookStore/controllers/default.py: -12
[2022-06-15 10:49:37] EDIT BookStore/controllers/default.py: 0
[2022-06-15 11:05:52] EDIT BookStore/controllers/default.py: 0
[2022-06-15 11:46:28] EDIT BookStore/controllers/default.py: 2
[2022-06-15 11:47:35] EDIT BookStore/controllers/default.py: -1
[2022-06-15 11:49:06] EDIT BookStore/controllers/default.py: 0
[2022-06-15 12:15:21] EDIT BookStore/controllers/default.py: 0
[2022-06-15 12:16:02] EDIT BookStore/controllers/default.py: -1
[2022-06-15 12:19:43] EDIT BookStore/controllers/default.py: 1
[2022-06-15 12:23:37] EDIT BookStore/controllers/default.py: 0
[2022-06-15 12:23:42] EDIT BookStore/controllers/default.py: 0
[2022-06-15 12:24:02] EDIT BookStore/controllers/default.py: 0
[2022-06-15 12:30:56] EDIT BookStore/controllers/default.py: 0
[2022-06-15 12:31:30] EDIT BookStore/controllers/default.py: 0
[2022-06-15 12:32:40] EDIT BookStore/controllers/default.py: 0
[2022-06-15 12:33:58] EDIT BookStore/controllers/default.py: 0
[2022-06-15 12:36:36] EDIT BookStore/controllers/default.py: 0
[2022-06-15 12:36:55] EDIT BookStore/controllers/default.py: 0
[2022-06-15 12:37:07] EDIT BookStore/controllers/default.py: 0
[2022-06-15 12:38:15] EDIT BookStore/controllers/default.py: 0
[2022-06-15 12:52:05] EDIT BookStore/controllers/default.py: 1
[2022-06-15 12:52:10] EDIT BookStore/controllers/default.py: 0
[2022-06-15 12:52:35] EDIT BookStore/controllers/default.py: 0
[2022-06-15 12:54:01] EDIT BookStore/controllers/default.py: 0
[2022-06-15 12:55:58] EDIT BookStore/controllers/default.py: 0
[2022-06-15 12:56:23] EDIT BookStore/controllers/default.py: 0
[2022-06-15 12:56:30] EDIT BookStore/controllers/default.py: 0
[2022-06-15 12:59:03] EDIT BookStore/controllers/default.py: 0
[2022-06-15 13:00:08] EDIT BookStore/controllers/default.py: 0
[2022-06-15 13:09:27] EDIT BookStore/controllers/default.py: 0
[2022-06-15 13:09:48] EDIT BookStore/controllers/default.py: 0
[2022-06-15 14:56:50] EDIT BookStore/controllers/default.py: 0
[2022-06-15 14:58:35] EDIT BookStore/controllers/default.py: 0
[2022-06-15 15:37:54] EDIT BookStore/controllers/default.py: 0
[2022-06-15 15:38:10] EDIT BookStore/controllers/default.py: 0
[2022-06-15 15:41:35] EDIT BookStore/models/db.py: 0
[2022-06-15 15:41:39] EDIT BookStore/models/db.py: 0
[2022-06-15 15:43:26] EDIT BookStore/controllers/default.py: 0
[2022-06-15 15:44:51] EDIT BookStore/controllers/default.py: 0
[2022-06-15 15:46:24] EDIT BookStore/controllers/default.py: 0
[2022-06-15 15:46:32] EDIT BookStore/controllers/default.py: 0
[2022-06-15 15:46:52] EDIT BookStore/controllers/default.py: 0
[2022-06-15 15:48:37] EDIT BookStore/controllers/default.py: 0
[2022-06-15 15:49:11] EDIT BookStore/controllers/default.py: 0
[2022-06-15 15:49:30] EDIT BookStore/controllers/default.py: 0
[2022-06-15 15:52:38] EDIT BookStore/controllers/default.py: 0
[2022-06-15 15:54:33] EDIT BookStore/controllers/default.py: 0
[2022-06-15 15:55:12] EDIT BookStore/controllers/default.py: 1
[2022-06-15 15:56:58] EDIT BookStore/controllers/default.py: 1
[2022-06-15 16:02:10] EDIT BookStore/controllers/default.py: 0
[2022-06-15 16:03:47] EDIT BookStore/controllers/default.py: 0
[2022-06-15 16:04:13] EDIT BookStore/controllers/default.py: 0
[2022-06-15 16:04:42] EDIT BookStore/controllers/default.py: 0
[2022-06-15 16:05:05] EDIT BookStore/controllers/default.py: 0
[2022-06-15 16:05:35] EDIT BookStore/controllers/default.py: 0
[2022-06-15 16:06:42] EDIT BookStore/controllers/default.py: 0
[2022-06-15 16:07:05] EDIT BookStore/controllers/default.py: 0
[2022-06-15 16:08:57] EDIT BookStore/controllers/default.py: 0
[2022-06-15 16:11:07] EDIT BookStore/controllers/default.py: 1
[2022-06-15 16:11:30] EDIT BookStore/controllers/default.py: 0
[2022-06-15 16:12:34] EDIT BookStore/controllers/default.py: 0
[2022-06-15 16:13:51] EDIT BookStore/controllers/default.py: 0
[2022-06-15 16:15:10] EDIT BookStore/controllers/default.py: 1
[2022-06-15 16:15:13] EDIT BookStore/controllers/default.py: 0
[2022-06-15 16:15:55] EDIT BookStore/controllers/default.py: 0
[2022-06-15 16:16:25] EDIT BookStore/controllers/default.py: 0
[2022-06-15 16:16:41] EDIT BookStore/controllers/default.py: 0
[2022-06-15 16:16:52] EDIT BookStore/controllers/default.py: 0
[2022-06-15 16:18:10] EDIT BookStore/controllers/default.py: 0
[2022-06-15 16:18:20] EDIT BookStore/controllers/default.py: 0
[2022-06-15 17:23:12] EDIT BookStore/controllers/default.py: 0
[2022-06-15 17:26:03] EDIT BookStore/views/default/view.html: 0
[2022-06-15 17:26:25] EDIT BookStore/controllers/default.py: 0
[2022-06-15 17:28:19] EDIT BookStore/views/default/view.html: 0
[2022-06-15 17:29:20] CREATE default/addtocart.html: 0
[2022-06-15 17:29:32] EDIT BookStore/views/default/addtocart.html: -1
[2022-06-15 17:30:46] EDIT BookStore/controllers/default.py: 0
[2022-06-16 10:08:03] EDIT BookStore/controllers/default.py: 0
[2022-06-16 10:10:11] EDIT BookStore/controllers/default.py: 0
[2022-06-16 10:14:45] EDIT BookStore/views/default/cart.html: 0
[2022-06-16 10:15:28] EDIT BookStore/views/default/view.html: 0
[2022-06-16 10:16:04] EDIT BookStore/views/default/addtocart.html: 53
[2022-06-16 10:16:15] EDIT BookStore/views/default/addtocart.html: 0
[2022-06-16 10:20:06] EDIT BookStore/controllers/default.py: 2
[2022-06-16 10:20:40] EDIT BookStore/controllers/default.py: 0
[2022-06-16 10:21:31] EDIT BookStore/views/default/addtocart.html: 0
[2022-06-16 10:22:01] EDIT BookStore/controllers/default.py: -1
[2022-06-16 10:23:06] EDIT BookStore/controllers/default.py: 0
[2022-06-16 10:25:58] EDIT BookStore/controllers/default.py: 0
[2022-06-16 10:26:24] EDIT BookStore/controllers/default.py: -1
[2022-06-16 10:31:29] EDIT BookStore/views/default/addtocart.html: -33
[2022-06-16 10:32:45] EDIT BookStore/views/default/addtocart.html: -2
[2022-06-16 10:39:36] EDIT BookStore/controllers/default.py: 1
[2022-06-16 10:39:57] EDIT BookStore/controllers/default.py: 0
[2022-06-16 10:45:59] EDIT BookStore/views/default/cart.html: 3
[2022-06-16 10:46:20] EDIT BookStore/views/default/cart.html: 0
[2022-06-16 10:48:27] EDIT BookStore/views/default/cart.html: 0
[2022-06-16 10:48:45] EDIT BookStore/views/default/cart.html: 0
[2022-06-16 10:49:00] EDIT BookStore/views/default/cart.html: 0
[2022-06-16 10:49:16] EDIT BookStore/views/default/cart.html: 0
[2022-06-16 10:49:37] EDIT BookStore/views/default/cart.html: 0
[2022-06-16 10:49:52] EDIT BookStore/views/default/cart.html: 0
[2022-06-16 10:50:16] EDIT BookStore/views/default/cart.html: 0
[2022-06-16 10:53:50] EDIT BookStore/views/default/cart.html: 0
[2022-06-16 10:54:21] EDIT BookStore/views/default/cart.html: 0
[2022-06-16 10:54:33] EDIT BookStore/views/default/cart.html: 0
[2022-06-16 10:55:17] EDIT BookStore/controllers/default.py: 2
[2022-06-16 11:03:25] EDIT BookStore/controllers/default.py: 1
[2022-06-17 11:14:57] EDIT BookStore/controllers/default.py: 5
[2022-06-17 11:15:54] EDIT BookStore/controllers/default.py: 1
[2022-06-17 11:35:23] EDIT BookStore/controllers/default.py: 0
[2022-06-17 11:36:45] EDIT BookStore/controllers/default.py: 2
[2022-06-17 11:36:49] EDIT BookStore/controllers/default.py: 0
[2022-06-17 11:58:16] EDIT BookStore/controllers/default.py: 0
[2022-06-17 12:27:37] EDIT BookStore/controllers/default.py: 0
[2022-06-17 12:29:10] EDIT BookStore/controllers/default.py: 0
[2022-06-17 12:29:44] EDIT BookStore/controllers/default.py: 0
[2022-06-17 12:29:54] EDIT BookStore/controllers/default.py: 0
[2022-06-17 12:30:04] EDIT BookStore/controllers/default.py: 0
[2022-06-17 12:54:18] EDIT BookStore/controllers/default.py: 0
[2022-06-17 12:56:18] EDIT BookStore/controllers/default.py: 0
[2022-06-17 13:11:31] EDIT BookStore/controllers/default.py: 0
[2022-06-17 13:22:12] EDIT BookStore/controllers/default.py: 0
[2022-06-17 14:22:41] EDIT BookStore/controllers/default.py: 2
[2022-06-17 14:23:22] EDIT BookStore/controllers/default.py: 0
[2022-06-17 14:23:33] EDIT BookStore/controllers/default.py: 0
[2022-06-17 14:23:44] EDIT BookStore/controllers/default.py: 0
[2022-06-17 14:23:52] EDIT BookStore/controllers/default.py: 0
[2022-06-17 14:24:00] EDIT BookStore/controllers/default.py: 0
[2022-06-17 14:24:14] EDIT BookStore/controllers/default.py: 0
[2022-06-17 14:28:15] EDIT BookStore/controllers/default.py: 0
[2022-06-17 14:28:32] EDIT BookStore/controllers/default.py: 0
[2022-06-17 14:28:35] EDIT BookStore/controllers/default.py: 0
[2022-06-17 14:34:50] EDIT BookStore/controllers/default.py: 0
[2022-06-20 11:42:18] EDIT BookStore/controllers/default.py: 0
[2022-06-20 11:46:51] EDIT BookStore/controllers/default.py: 0
[2022-06-20 11:47:55] EDIT BookStore/controllers/default.py: 0
[2022-06-20 11:49:17] EDIT BookStore/controllers/default.py: 0
[2022-06-20 11:57:09] EDIT BookStore/controllers/default.py: 0
[2022-06-20 11:57:15] EDIT BookStore/controllers/default.py: 0
[2022-06-20 12:01:37] EDIT BookStore/controllers/default.py: 2
[2022-06-20 13:30:46] EDIT BookStore/views/default/view.html: 5
[2022-06-20 13:31:05] EDIT BookStore/views/default/view.html: -5
[2022-06-20 13:32:27] EDIT BookStore/views/default/cart.html: 5
[2022-06-20 13:33:08] EDIT BookStore/views/default/cart.html: 0
[2022-06-20 13:34:14] EDIT BookStore/views/default/cart.html: 0
[2022-06-20 13:40:51] EDIT BookStore/views/default/cart.html: 0
[2022-06-20 13:41:06] EDIT BookStore/views/default/cart.html: 0
[2022-06-20 13:49:31] EDIT BookStore/views/default/cart.html: 0
[2022-06-20 13:51:16] EDIT BookStore/views/default/cart.html: 0
[2022-06-20 15:02:26] EDIT BookStore/controllers/default.py: 1
[2022-06-20 15:02:38] EDIT BookStore/controllers/default.py: -1
[2022-06-20 15:04:35] EDIT BookStore/controllers/default.py: 0
[2022-06-20 15:07:17] EDIT BookStore/controllers/default.py: 0
[2022-06-20 15:07:43] EDIT BookStore/controllers/default.py: 0
[2022-06-20 15:20:34] EDIT BookStore/controllers/default.py: 1
[2022-06-20 15:22:39] EDIT BookStore/controllers/default.py: 0
[2022-06-20 15:24:26] EDIT BookStore/controllers/default.py: 0
[2022-06-20 15:25:19] EDIT BookStore/controllers/default.py: 0
[2022-06-20 15:26:13] EDIT BookStore/controllers/default.py: 0
[2022-06-20 15:27:01] EDIT BookStore/controllers/default.py: 0
[2022-06-20 15:27:50] EDIT BookStore/controllers/default.py: 0
[2022-06-20 15:33:00] EDIT BookStore/controllers/default.py: 1
[2022-06-20 15:33:28] EDIT BookStore/controllers/default.py: 1
[2022-06-20 15:34:03] EDIT BookStore/controllers/default.py: 0
[2022-06-20 15:34:13] EDIT BookStore/controllers/default.py: 0
[2022-06-20 15:37:29] EDIT BookStore/controllers/default.py: 0
[2022-06-20 15:38:33] EDIT BookStore/controllers/default.py: 0
[2022-06-20 15:39:19] EDIT BookStore/controllers/default.py: 1
[2022-06-20 15:40:59] EDIT BookStore/controllers/default.py: 0
[2022-06-21 12:16:04] EDIT BookStore/views/default/cart.html: 0
[2022-06-21 12:16:54] CREATE default/address.html: 0
[2022-06-21 12:17:13] EDIT BookStore/views/default/address.html: 0
[2022-06-21 12:17:53] EDIT BookStore/controllers/default.py: 2
[2022-06-21 12:19:54] EDIT BookStore/controllers/default.py: -2
[2022-06-21 12:20:18] EDIT BookStore/controllers/default.py: 2
[2022-06-21 12:20:46] EDIT BookStore/controllers/default.py: -2
[2022-06-21 12:28:07] EDIT BookStore/models/db.py: 13
[2022-06-21 12:28:15] EDIT BookStore/models/db.py: 0
[2022-06-21 12:28:33] EDIT BookStore/models/db.py: 0
[2022-06-21 12:31:43] EDIT BookStore/controllers/default.py: 3
[2022-06-21 12:33:16] EDIT BookStore/views/default/address.html: 52
[2022-06-21 12:34:28] EDIT BookStore/views/default/address.html: -5
[2022-06-21 12:34:37] EDIT BookStore/views/default/address.html: 0
[2022-06-21 12:35:40] EDIT BookStore/views/default/address.html: 0
[2022-06-21 12:35:54] EDIT BookStore/views/default/address.html: 0
[2022-06-21 12:36:18] EDIT BookStore/views/default/address.html: 0
[2022-06-21 12:37:09] EDIT BookStore/views/default/address.html: -6
[2022-06-21 12:38:08] EDIT BookStore/views/default/address.html: -6
[2022-06-21 12:38:24] EDIT BookStore/views/default/address.html: 2
[2022-06-21 12:38:35] EDIT BookStore/views/default/address.html: 2
[2022-06-21 12:39:36] EDIT BookStore/views/default/address.html: 1
[2022-06-21 12:39:50] EDIT BookStore/views/default/address.html: 0
[2022-06-21 12:40:25] EDIT BookStore/views/default/address.html: 0
[2022-06-21 12:40:57] EDIT BookStore/views/default/address.html: -2
[2022-06-21 12:41:19] EDIT BookStore/views/default/address.html: 1
[2022-06-21 12:41:27] EDIT BookStore/views/default/address.html: 0
[2022-06-21 12:41:45] EDIT BookStore/views/default/address.html: 0
[2022-06-21 12:41:58] EDIT BookStore/views/default/address.html: 0
[2022-06-21 12:42:16] EDIT BookStore/views/default/address.html: -1
[2022-06-21 12:42:37] EDIT BookStore/views/default/address.html: 0
[2022-06-21 12:43:00] EDIT BookStore/views/default/address.html: 0
[2022-06-21 12:43:13] EDIT BookStore/views/default/address.html: 0
[2022-06-21 12:44:07] EDIT BookStore/views/default/address.html: 0
[2022-06-21 12:45:38] EDIT BookStore/views/default/address.html: 1
[2022-06-21 12:46:11] EDIT BookStore/models/db.py: 1
[2022-06-21 12:47:19] EDIT BookStore/models/db.py: 0
[2022-06-21 12:47:29] EDIT BookStore/models/db.py: 0
[2022-06-21 12:50:24] EDIT BookStore/views/default/address.html: 0
[2022-06-21 12:57:47] EDIT BookStore/controllers/default.py: 3
[2022-06-21 13:01:04] EDIT BookStore/controllers/default.py: 0
[2022-06-21 13:01:29] CREATE default/newaddress.html: 0
[2022-06-21 13:01:40] EDIT BookStore/views/default/newaddress.html: -1
[2022-06-21 13:05:06] EDIT BookStore/views/default/newaddress.html: 45
[2022-06-21 13:05:18] EDIT BookStore/views/default/newaddress.html: -3
[2022-06-21 13:05:54] EDIT BookStore/views/default/newaddress.html: 0
[2022-06-21 13:06:11] EDIT BookStore/views/default/newaddress.html: 0
[2022-06-21 13:06:23] EDIT BookStore/views/default/newaddress.html: 0
[2022-06-21 13:07:03] EDIT BookStore/views/default/newaddress.html: -3
[2022-06-21 13:07:23] EDIT BookStore/views/default/newaddress.html: 0
[2022-06-21 13:08:41] EDIT BookStore/views/default/newaddress.html: 0
[2022-06-21 13:10:07] EDIT BookStore/controllers/default.py: 0
[2022-06-21 13:11:12] EDIT BookStore/views/default/newaddress.html: 0
[2022-06-21 13:12:18] EDIT BookStore/views/default/newaddress.html: -1
[2022-06-21 13:13:55] EDIT BookStore/views/default/newaddress.html: 15
[2022-06-21 13:14:26] EDIT BookStore/views/default/newaddress.html: -6
[2022-06-21 13:14:40] EDIT BookStore/views/default/newaddress.html: -2
[2022-06-21 13:15:26] EDIT BookStore/views/default/newaddress.html: -12
[2022-06-21 13:16:01] EDIT BookStore/views/default/newaddress.html: 30
[2022-06-21 13:16:35] EDIT BookStore/views/default/newaddress.html: -1
[2022-06-21 13:16:39] EDIT BookStore/views/default/newaddress.html: 0
[2022-06-21 13:17:31] EDIT BookStore/views/default/newaddress.html: 0
[2022-06-21 13:19:10] EDIT BookStore/views/default/newaddress.html: 0
[2022-06-21 13:20:03] EDIT BookStore/views/default/newaddress.html: 0
[2022-06-21 13:20:20] EDIT BookStore/views/default/newaddress.html: 6
[2022-06-21 13:21:35] EDIT BookStore/views/default/newaddress.html: 12
[2022-06-21 13:24:35] EDIT BookStore/models/db.py: 0
[2022-06-21 13:26:17] EDIT BookStore/views/default/newaddress.html: 0
[2022-06-21 13:27:51] EDIT BookStore/views/default/newaddress.html: 0
[2022-06-21 13:33:25] EDIT BookStore/controllers/default.py: 0
[2022-06-21 13:34:13] EDIT BookStore/controllers/default.py: 1
[2022-06-21 13:35:04] EDIT BookStore/controllers/default.py: 1
[2022-06-21 13:35:08] EDIT BookStore/controllers/default.py: 0
[2022-06-21 13:35:41] EDIT BookStore/views/default/newaddress.html: 0
[2022-06-21 13:35:49] EDIT BookStore/views/default/newaddress.html: 0
[2022-06-21 13:36:50] EDIT BookStore/controllers/default.py: 0
[2022-06-21 13:40:27] EDIT BookStore/controllers/default.py: 0
[2022-06-21 13:41:32] EDIT BookStore/views/default/address.html: 5
[2022-06-21 13:51:36] EDIT BookStore/controllers/default.py: 0
[2022-06-21 17:57:44] EDIT BookStore/views/default/newaddress.html: 0
[2022-06-21 17:58:41] EDIT BookStore/views/default/newaddress.html: 0
[2022-06-21 17:59:06] EDIT BookStore/views/default/newaddress.html: 0
[2022-06-21 18:08:58] EDIT BookStore/controllers/default.py: 1
[2022-06-21 18:16:56] EDIT BookStore/controllers/default.py: 10
[2022-06-21 18:17:19] EDIT BookStore/models/db.py: -1
[2022-06-21 18:17:28] EDIT BookStore/models/db.py: 0
[2022-06-21 18:20:43] EDIT BookStore/controllers/default.py: 0
[2022-06-21 18:23:02] EDIT BookStore/views/default/newaddress.html: 7
[2022-06-21 18:23:30] EDIT BookStore/views/default/newaddress.html: 0
[2022-06-21 18:24:02] EDIT BookStore/views/default/newaddress.html: 0
[2022-06-21 18:25:00] EDIT BookStore/views/default/newaddress.html: 0
[2022-06-21 18:25:15] EDIT BookStore/views/default/newaddress.html: 0
[2022-06-21 18:25:24] EDIT BookStore/views/default/newaddress.html: 0
[2022-06-21 18:26:16] EDIT BookStore/views/default/newaddress.html: 0
[2022-06-21 18:26:29] EDIT BookStore/views/default/newaddress.html: 0
[2022-06-21 18:27:07] EDIT BookStore/views/default/newaddress.html: 0
[2022-06-21 18:27:36] EDIT BookStore/controllers/default.py: 0
[2022-06-21 18:28:38] EDIT BookStore/controllers/default.py: 0
[2022-06-21 18:34:45] EDIT BookStore/views/default/newaddress.html: 0
[2022-06-21 18:46:48] EDIT BookStore/controllers/default.py: 5
[2022-06-21 18:48:26] EDIT BookStore/views/default/address.html: 3
[2022-06-21 18:50:55] EDIT BookStore/views/default/address.html: 0
[2022-06-21 18:59:25] EDIT BookStore/views/default/address.html: 0
[2022-06-21 18:59:45] EDIT BookStore/views/default/address.html: 0
[2022-06-21 18:59:59] EDIT BookStore/views/default/address.html: 0
[2022-06-21 19:00:16] EDIT BookStore/views/default/address.html: 0
[2022-06-23 14:44:28] EDIT BookStore/controllers/default.py: -1
[2022-06-23 14:44:32] EDIT BookStore/controllers/default.py: 0
[2022-06-23 14:44:40] EDIT BookStore/controllers/default.py: 0
[2022-06-23 14:45:59] EDIT BookStore/controllers/default.py: 1
[2022-06-23 14:47:21] EDIT BookStore/controllers/default.py: -1
[2022-06-23 14:47:31] EDIT BookStore/controllers/default.py: 0
